
--------------------------------------------------
TXLib соболезнует...

Программа: D:\Корнилов Кирилл\grahredator\bin\Debug\grahredator.exe, файл: c:\codeblocks\codeblocks\mingw\include\txlib.h, строка: 13657, функция: bool {anonymous}::TX::txTransparentBlt(HDC, double, double, double, double, HDC, double, double, COLORREF),

Сообщение: Параметр "sourceImage" неверен. Возможно, этот холст не создан, или уже уничтожен, или не загрузилась картинка.

#1: TXLib [Ver: 00173a, Rev: 171, Date: 2022-07-23 02:08:28 +0400], Instance: 0x004F32FC (32-bit), Flags: CMdRE0, Thread: 0x1AAC (Main), GetLastError(): 13 (Недопустимые данные). 

--------------------------------------------------
Стек вызовов:

# 0 0x00416869 in D:\Корнилов Кирилл\grahredator\bin\Debug\grahredator.exe: txTransparentBlt() at c:/codeblocks/codeblocks/mingw/include/txlib.h (13657)

# 1 0x0041C8BB in D:\Корнилов Кирилл\grahredator\bin\Debug\grahredator.exe: main() at D:/Корнилов Кирилл/grahredator/main.cpp (48):

     46:          drawButton(370,30,"Земли");
     47: 
=>   48:         txTransparentBlt(txDC(), 1000, 400, 110, 110, block1, 0, 0, TX_WHITE);
     49:         //txTransparentBlt(txDC(), 1000, 300, 80, 72, block2, 0, 0, TX_WHITE);
     50:         //txTransparentBlt(txDC(), 1000, 200, 80, 72, block3, 0, 0, TX_WHITE);

--------------------------------------------------
Developed with:

The Dumb Artist Library (TX Library)
TXLib [Ver: 00173a, Rev: 171, Date: 2022-07-23 02:08:28 +0400]
Copyright (C) Ded (Ilya Dedinsky, http://txlib.ru) <mail@txlib.ru>
See license on: http://txlib.ru

TXLib file:	c:\codeblocks\codeblocks\mingw\include\txlib.h
Compiled:	Sep 16 2022 18:22:04, GNU g++ 4.8.1, std=201103L, MinGW Runtime 3.20, 32-bit, Debug
Started:	Sep 16 2022 18:22:22

Run file:	D:\Корнилов Кирилл\grahredator\bin\Debug\grahredator.exe
Directory:	D:\Корнилов Кирилл\grahredator

--------------------------------------------------

--------------------------------------------------
TXLib соболезнует...

Программа: D:\Корнилов Кирилл\grahredator\bin\Debug\grahredator.exe, файл: c:\codeblocks\codeblocks\mingw\include\txlib.h, строка: 13657, функция: bool {anonymous}::TX::txTransparentBlt(HDC, double, double, double, double, HDC, double, double, COLORREF),

Сообщение: Параметр "sourceImage" неверен. Возможно, этот холст не создан, или уже уничтожен, или не загрузилась картинка.

#1: TXLib [Ver: 00173a, Rev: 171, Date: 2022-07-23 02:08:28 +0400], Instance: 0x004F32FC (32-bit), Flags: CMdRE0, Thread: 0x24C8 (Main), GetLastError(): 13 (Недопустимые данные). 

--------------------------------------------------
Стек вызовов:

# 0 0x00416869 in D:\Корнилов Кирилл\grahredator\bin\Debug\grahredator.exe: txTransparentBlt() at c:/codeblocks/codeblocks/mingw/include/txlib.h (13657)

# 1 0x0041C8BB in D:\Корнилов Кирилл\grahredator\bin\Debug\grahredator.exe: main() at D:/Корнилов Кирилл/grahredator/main.cpp (48):

     46:          drawButton(370,30,"Земли");
     47: 
=>   48:         txTransparentBlt(txDC(), 1000, 400, 110, 110, block1, 0, 0, TX_WHITE);
     49:         //txTransparentBlt(txDC(), 1000, 300, 80, 72, block2, 0, 0, TX_WHITE);
     50:         //txTransparentBlt(txDC(), 1000, 200, 80, 72, block3, 0, 0, TX_WHITE);

--------------------------------------------------
Developed with:

The Dumb Artist Library (TX Library)
TXLib [Ver: 00173a, Rev: 171, Date: 2022-07-23 02:08:28 +0400]
Copyright (C) Ded (Ilya Dedinsky, http://txlib.ru) <mail@txlib.ru>
See license on: http://txlib.ru

TXLib file:	c:\codeblocks\codeblocks\mingw\include\txlib.h
Compiled:	Sep 16 2022 18:23:18, GNU g++ 4.8.1, std=201103L, MinGW Runtime 3.20, 32-bit, Debug
Started:	Sep 16 2022 18:23:36

Run file:	D:\Корнилов Кирилл\grahredator\bin\Debug\grahredator.exe
Directory:	D:\Корнилов Кирилл\grahredator

--------------------------------------------------

--------------------------------------------------
TXLib соболезнует...

Программа: D:\Корнилов Кирилл\grahredator\bin\Debug\grahredator.exe, файл: c:\codeblocks\codeblocks\mingw\include\txlib.h, строка: 13628, функция: bool {anonymous}::TX::txBitBlt(HDC, double, double, double, double, HDC, double, double, unsigned int),

Сообщение: Параметр "sourceImage" неверен. Возможно, этот холст не создан, или уже уничтожен, или не загрузилась картинка.

#1: TXLib [Ver: 00173a, Rev: 171, Date: 2022-07-23 02:08:28 +0400], Instance: 0x004F32FC (32-bit), Flags: CMdRE0, Thread: 0x1ED0 (Main), GetLastError(): 13 (Недопустимые данные). 

--------------------------------------------------
Стек вызовов:

# 0 0x00416409 in D:\Корнилов Кирилл\grahredator\bin\Debug\grahredator.exe: txBitBlt() at c:/codeblocks/codeblocks/mingw/include/txlib.h (13628)

# 1 0x0041C8BB in D:\Корнилов Кирилл\grahredator\bin\Debug\grahredator.exe: main() at D:/Корнилов Кирилл/grahredator/main.cpp (48):

     46:          drawButton(370,30,"Земли");
     47: 
=>   48:         txBitBlt(txDC(), 1000, 400, 110, 110, block1);
     49:         //txTransparentBlt(txDC(), 1000, 300, 80, 72, block2, 0, 0, TX_WHITE);
     50:         //txTransparentBlt(txDC(), 1000, 200, 80, 72, block3, 0, 0, TX_WHITE);

--------------------------------------------------
Developed with:

The Dumb Artist Library (TX Library)
TXLib [Ver: 00173a, Rev: 171, Date: 2022-07-23 02:08:28 +0400]
Copyright (C) Ded (Ilya Dedinsky, http://txlib.ru) <mail@txlib.ru>
See license on: http://txlib.ru

TXLib file:	c:\codeblocks\codeblocks\mingw\include\txlib.h
Compiled:	Sep 16 2022 18:25:17, GNU g++ 4.8.1, std=201103L, MinGW Runtime 3.20, 32-bit, Debug
Started:	Sep 16 2022 18:25:35

Run file:	D:\Корнилов Кирилл\grahredator\bin\Debug\grahredator.exe
Directory:	D:\Корнилов Кирилл\grahredator

--------------------------------------------------

--------------------------------------------------
TXLib соболезнует...

Программа: D:\Корнилов Кирилл\grahredator\bin\Debug\grahredator.exe, файл: c:\codeblocks\codeblocks\mingw\include\txlib.h, строка: 13628, функция: bool {anonymous}::TX::txBitBlt(HDC, double, double, double, double, HDC, double, double, unsigned int),

Сообщение: Параметр "sourceImage" неверен. Возможно, этот холст не создан, или уже уничтожен, или не загрузилась картинка.

#1: TXLib [Ver: 00173a, Rev: 171, Date: 2022-07-23 02:08:28 +0400], Instance: 0x004F32FC (32-bit), Flags: CMdRE0, Thread: 0xC90 (Main), GetLastError(): 13 (Недопустимые данные). 

--------------------------------------------------
Стек вызовов:

# 0 0x00416409 in D:\Корнилов Кирилл\grahredator\bin\Debug\grahredator.exe: txBitBlt() at c:/codeblocks/codeblocks/mingw/include/txlib.h (13628)

# 1 0x0041C8BB in D:\Корнилов Кирилл\grahredator\bin\Debug\grahredator.exe: main() at D:/Корнилов Кирилл/grahredator/main.cpp (48):

     46:          drawButton(370,30,"Земли");
     47: 
=>   48:         txBitBlt(txDC(), 1000, 400, 110, 110, block1);
     49:         //txTransparentBlt(txDC(), 1000, 300, 80, 72, block2, 0, 0, TX_WHITE);
     50:         //txTransparentBlt(txDC(), 1000, 200, 80, 72, block3, 0, 0, TX_WHITE);

--------------------------------------------------
Developed with:

The Dumb Artist Library (TX Library)
TXLib [Ver: 00173a, Rev: 171, Date: 2022-07-23 02:08:28 +0400]
Copyright (C) Ded (Ilya Dedinsky, http://txlib.ru) <mail@txlib.ru>
See license on: http://txlib.ru

TXLib file:	c:\codeblocks\codeblocks\mingw\include\txlib.h
Compiled:	Sep 16 2022 18:27:02, GNU g++ 4.8.1, std=201103L, MinGW Runtime 3.20, 32-bit, Debug
Started:	Sep 16 2022 18:27:21

Run file:	D:\Корнилов Кирилл\grahredator\bin\Debug\grahredator.exe
Directory:	D:\Корнилов Кирилл\grahredator

--------------------------------------------------

--------------------------------------------------
TXLib соболезнует...

Программа: D:\Корнилов Кирилл\grahredator\bin\Debug\grahredator.exe, файл: c:\codeblocks\codeblocks\mingw\include\txlib.h, строка: 13628, функция: bool {anonymous}::TX::txBitBlt(HDC, double, double, double, double, HDC, double, double, unsigned int),

Сообщение: Параметр "sourceImage" неверен. Возможно, этот холст не создан, или уже уничтожен, или не загрузилась картинка.

#1: TXLib [Ver: 00173a, Rev: 171, Date: 2022-07-23 02:08:28 +0400], Instance: 0x004F32FC (32-bit), Flags: CMdRE0, Thread: 0xBE8 (Main), GetLastError(): 13 (Недопустимые данные). 

--------------------------------------------------
Стек вызовов:

# 0 0x00416409 in D:\Корнилов Кирилл\grahredator\bin\Debug\grahredator.exe: txBitBlt() at c:/codeblocks/codeblocks/mingw/include/txlib.h (13628)

# 1 0x0041C90D in D:\Корнилов Кирилл\grahredator\bin\Debug\grahredator.exe: main() at D:/Корнилов Кирилл/grahredator/main.cpp (35):

     33:         txSetColor(TX_WHITE);
     34:         txClear();
=>   35:          txBitBlt(txDC(), 0, 0, 1200, 900, Fon2);
     36: 
     37:         //Кнопка 1

--------------------------------------------------
Developed with:

The Dumb Artist Library (TX Library)
TXLib [Ver: 00173a, Rev: 171, Date: 2022-07-23 02:08:28 +0400]
Copyright (C) Ded (Ilya Dedinsky, http://txlib.ru) <mail@txlib.ru>
See license on: http://txlib.ru

TXLib file:	c:\codeblocks\codeblocks\mingw\include\txlib.h
Compiled:	Sep 16 2022 18:54:42, GNU g++ 4.8.1, std=201103L, MinGW Runtime 3.20, 32-bit, Debug
Started:	Sep 16 2022 18:57:13

Run file:	D:\Корнилов Кирилл\grahredator\bin\Debug\grahredator.exe
Directory:	D:\Корнилов Кирилл\grahredator

--------------------------------------------------
